<?xml version="1.0" encoding="UTF-8"?>
<!-- Generated by org.testng.reporters.JUnitXMLReporter -->
<testsuite ignored="0" hostname="DESKTOP-IRILRU3" failures="0" tests="4" name="Default test" time="83.395" errors="0" timestamp="2022-01-23T19:08:22 IST">
  <testcase classname="com.youtube.tests.YouTubeSearchTests" name="launchYouTube" time="4.42"/>
  <testcase classname="com.youtube.tests.YouTubeSearchTests" name="verifyYouTubeLogo" time="0.31"/>
  <testcase classname="com.youtube.tests.YouTubeSearchTests" name="verifyYouTubeAppsList" time="1.349"/>
  <testcase classname="com.youtube.tests.YouTubeSearchTests" name="searchTextAndVerifyInfiniteScrolling" time="72.394"/>
</testsuite> <!-- Default test -->
