<?xml version="1.0" encoding="UTF-8"?>
<!-- Generated by org.testng.reporters.JUnitXMLReporter -->
<testsuite ignored="0" hostname="DESKTOP-IRILRU3" failures="0" tests="4" name="Default test" time="228.224" errors="0" timestamp="2022-01-24T00:09:38 IST">
  <testcase classname="com.youtube.tests.YouTubeSearchTests" name="launchYouTube" time="6.417"/>
  <testcase classname="com.youtube.tests.YouTubeSearchTests" name="verifyYouTubeLogo" time="0.4"/>
  <testcase classname="com.youtube.tests.YouTubeSearchTests" name="verifyYouTubeAppsList" time="5.285"/>
  <testcase classname="com.youtube.tests.YouTubeSearchTests" name="searchTextAndVerifyInfiniteScrolling" time="208.708"/>
</testsuite> <!-- Default test -->
