<?xml version="1.0" encoding="UTF-8"?>
<!-- Generated by org.testng.reporters.JUnitXMLReporter -->
<testsuite ignored="0" hostname="CONDNADIL01" failures="0" tests="4" name="Sample Demo TestCase" time="124.421" errors="0" timestamp="2022-01-23T23:38:46 PST">
  <testcase classname="com.youtube.tests.YouTubeSearchTests" name="launchYouTube" time="2.822"/>
  <testcase classname="com.youtube.tests.YouTubeSearchTests" name="verifyYouTubeLogo" time="0.069"/>
  <testcase classname="com.youtube.tests.YouTubeSearchTests" name="verifyYouTubeAppsList" time="4.228"/>
  <testcase classname="com.youtube.tests.YouTubeSearchTests" name="searchTextAndVerifyInfiniteScrolling" time="114.327"/>
</testsuite> <!-- Sample Demo TestCase -->
