<?xml version="1.0" encoding="UTF-8"?>
<!-- Generated by org.testng.reporters.JUnitXMLReporter -->
<testsuite ignored="0" hostname="DESKTOP-IRILRU3" failures="0" tests="4" name="Sample Demo TestCase" time="219.132" errors="0" timestamp="2022-01-23T19:38:50 IST">
  <testcase classname="com.youtube.tests.YouTubeSearchTests" name="launchYouTube" time="5.124"/>
  <testcase classname="com.youtube.tests.YouTubeSearchTests" name="verifyYouTubeLogo" time="0.414"/>
  <testcase classname="com.youtube.tests.YouTubeSearchTests" name="verifyYouTubeAppsList" time="1.132"/>
  <testcase classname="com.youtube.tests.YouTubeSearchTests" name="searchTextAndVerifyInfiniteScrolling" time="205.237"/>
</testsuite> <!-- Sample Demo TestCase -->
