<?xml version="1.0" encoding="UTF-8"?>
<testsuite xmlns:xsi="http://www.w3.org/2001/XMLSchema-instance" xsi:schemaLocation="https://maven.apache.org/surefire/maven-surefire-plugin/xsd/surefire-test-report.xsd" name="TestSuite" time="235.019" tests="4" errors="0" skipped="0" failures="1">
  <properties>
[...]
</properties>
  <testcase name="launchYouTube" classname="com.youtube.tests.YouTubeSearchTests" time="5.092"/>
  <testcase name="verifyYouTubeLogo" classname="com.youtube.tests.YouTubeSearchTests" time="0.459"/>
  <testcase name="verifyYouTubeAppsList" classname="com.youtube.tests.YouTubeSearchTests" time="5.425"/>
  <testcase name="searchTextAndVerifyInfiniteScrolling" classname="com.youtube.tests.YouTubeSearchTests" time="213.831">
    <failure message="Infinite Scrolling is not working. Initial Loaded videos count is same as Final Loaded videos count. Count=658" type="java.lang.AssertionError">java.lang.AssertionError: Infinite Scrolling is not working. Initial Loaded videos count is same as Final Loaded videos count. Count=658
	at com.youtube.tests.YouTubeSearchTests.searchTextAndVerifyInfiniteScrolling(YouTubeSearchTests.java:75)
</failure>
    <system-out><![CDATA[HOMEPAGE : Entered Search Text : bata drums
HOMEPAGE : Clicked on Search Button
Before Scroll Total Videos Count = 25
Scroll To Last Loaded Video(bottom element) is Performed
After Scroll Total Videos Count = 42
*****************************************
Before Scroll Total Videos Count = 42
Scroll To Last Loaded Video(bottom element) is Performed
After Scroll Total Videos Count = 59
*****************************************
Before Scroll Total Videos Count = 59
Scroll To Last Loaded Video(bottom element) is Performed
After Scroll Total Videos Count = 77
*****************************************
Before Scroll Total Videos Count = 77
Scroll To Last Loaded Video(bottom element) is Performed
After Scroll Total Videos Count = 96
*****************************************
Before Scroll Total Videos Count = 96
Scroll To Last Loaded Video(bottom element) is Performed
After Scroll Total Videos Count = 115
*****************************************
Before Scroll Total Videos Count = 115
Scroll To Last Loaded Video(bottom element) is Performed
After Scroll Total Videos Count = 133
*****************************************
Before Scroll Total Videos Count = 133
Scroll To Last Loaded Video(bottom element) is Performed
After Scroll Total Videos Count = 151
*****************************************
Before Scroll Total Videos Count = 151
Scroll To Last Loaded Video(bottom element) is Performed
After Scroll Total Videos Count = 171
*****************************************
Before Scroll Total Videos Count = 171
Scroll To Last Loaded Video(bottom element) is Performed
After Scroll Total Videos Count = 190
*****************************************
Before Scroll Total Videos Count = 190
Scroll To Last Loaded Video(bottom element) is Performed
After Scroll Total Videos Count = 208
*****************************************
Before Scroll Total Videos Count = 208
Scroll To Last Loaded Video(bottom element) is Performed
After Scroll Total Videos Count = 227
*****************************************
Before Scroll Total Videos Count = 227
Scroll To Last Loaded Video(bottom element) is Performed
After Scroll Total Videos Count = 246
*****************************************
Before Scroll Total Videos Count = 246
Scroll To Last Loaded Video(bottom element) is Performed
After Scroll Total Videos Count = 266
*****************************************
Before Scroll Total Videos Count = 266
Scroll To Last Loaded Video(bottom element) is Performed
After Scroll Total Videos Count = 285
*****************************************
Before Scroll Total Videos Count = 285
Scroll To Last Loaded Video(bottom element) is Performed
After Scroll Total Videos Count = 305
*****************************************
Before Scroll Total Videos Count = 305
Scroll To Last Loaded Video(bottom element) is Performed
After Scroll Total Videos Count = 324
*****************************************
Before Scroll Total Videos Count = 325
Scroll To Last Loaded Video(bottom element) is Performed
After Scroll Total Videos Count = 345
*****************************************
Before Scroll Total Videos Count = 345
Scroll To Last Loaded Video(bottom element) is Performed
After Scroll Total Videos Count = 361
*****************************************
Before Scroll Total Videos Count = 364
Scroll To Last Loaded Video(bottom element) is Performed
After Scroll Total Videos Count = 383
*****************************************
Before Scroll Total Videos Count = 385
Scroll To Last Loaded Video(bottom element) is Performed
After Scroll Total Videos Count = 403
*****************************************
Before Scroll Total Videos Count = 405
Scroll To Last Loaded Video(bottom element) is Performed
After Scroll Total Videos Count = 418
*****************************************
Before Scroll Total Videos Count = 421
Scroll To Last Loaded Video(bottom element) is Performed
After Scroll Total Videos Count = 440
*****************************************
Before Scroll Total Videos Count = 443
Scroll To Last Loaded Video(bottom element) is Performed
After Scroll Total Videos Count = 458
*****************************************
Before Scroll Total Videos Count = 461
Scroll To Last Loaded Video(bottom element) is Performed
After Scroll Total Videos Count = 476
*****************************************
Before Scroll Total Videos Count = 479
Scroll To Last Loaded Video(bottom element) is Performed
After Scroll Total Videos Count = 483
*****************************************
Before Scroll Total Videos Count = 483
Scroll To Last Loaded Video(bottom element) is Performed
After Scroll Total Videos Count = 498
*****************************************
Before Scroll Total Videos Count = 501
Scroll To Last Loaded Video(bottom element) is Performed
After Scroll Total Videos Count = 514
*****************************************
Before Scroll Total Videos Count = 517
Scroll To Last Loaded Video(bottom element) is Performed
After Scroll Total Videos Count = 522
*****************************************
Before Scroll Total Videos Count = 522
Scroll To Last Loaded Video(bottom element) is Performed
After Scroll Total Videos Count = 534
*****************************************
Before Scroll Total Videos Count = 537
Scroll To Last Loaded Video(bottom element) is Performed
After Scroll Total Videos Count = 542
*****************************************
Before Scroll Total Videos Count = 542
Scroll To Last Loaded Video(bottom element) is Performed
After Scroll Total Videos Count = 554
*****************************************
Before Scroll Total Videos Count = 557
Scroll To Last Loaded Video(bottom element) is Performed
After Scroll Total Videos Count = 562
*****************************************
Before Scroll Total Videos Count = 562
Scroll To Last Loaded Video(bottom element) is Performed
After Scroll Total Videos Count = 572
*****************************************
Before Scroll Total Videos Count = 575
Scroll To Last Loaded Video(bottom element) is Performed
After Scroll Total Videos Count = 582
*****************************************
Before Scroll Total Videos Count = 582
Scroll To Last Loaded Video(bottom element) is Performed
After Scroll Total Videos Count = 595
*****************************************
Before Scroll Total Videos Count = 598
Scroll To Last Loaded Video(bottom element) is Performed
After Scroll Total Videos Count = 601
*****************************************
Before Scroll Total Videos Count = 601
Scroll To Last Loaded Video(bottom element) is Performed
After Scroll Total Videos Count = 609
*****************************************
Before Scroll Total Videos Count = 612
Scroll To Last Loaded Video(bottom element) is Performed
After Scroll Total Videos Count = 617
*****************************************
Before Scroll Total Videos Count = 617
Scroll To Last Loaded Video(bottom element) is Performed
After Scroll Total Videos Count = 626
*****************************************
Before Scroll Total Videos Count = 628
Scroll To Last Loaded Video(bottom element) is Performed
After Scroll Total Videos Count = 632
*****************************************
Before Scroll Total Videos Count = 632
Scroll To Last Loaded Video(bottom element) is Performed
After Scroll Total Videos Count = 638
*****************************************
Before Scroll Total Videos Count = 641
Scroll To Last Loaded Video(bottom element) is Performed
After Scroll Total Videos Count = 646
*****************************************
Before Scroll Total Videos Count = 646
Scroll To Last Loaded Video(bottom element) is Performed
After Scroll Total Videos Count = 654
*****************************************
Before Scroll Total Videos Count = 657
Scroll To Last Loaded Video(bottom element) is Performed
After Scroll Total Videos Count = 658
*****************************************
Before Scroll Total Videos Count = 658
Scroll To Last Loaded Video(bottom element) is Performed
After Scroll Total Videos Count = 658
Infinity Page Scrolling is ENDED. Total Loaded Videos Count = 658
*****************************************
]]></system-out>
  </testcase>
</testsuite>