<?xml version="1.0" encoding="UTF-8"?>
<testsuite xmlns:xsi="http://www.w3.org/2001/XMLSchema-instance" xsi:schemaLocation="https://maven.apache.org/surefire/maven-surefire-plugin/xsd/surefire-test-report.xsd" name="TestSuite" time="232.222" tests="4" errors="0" skipped="0" failures="0">
  <properties>
[...]
</properties>
  <testcase name="launchYouTube" classname="com.youtube.tests.YouTubeSearchTests" time="6.667"/>
  <testcase name="verifyYouTubeLogo" classname="com.youtube.tests.YouTubeSearchTests" time="0.629"/>
  <testcase name="verifyYouTubeAppsList" classname="com.youtube.tests.YouTubeSearchTests" time="5.015"/>
  <testcase name="searchTextAndVerifyInfiniteScrolling" classname="com.youtube.tests.YouTubeSearchTests" time="210.017"/>
</testsuite>