<?xml version="1.0" encoding="UTF-8"?>
<testng-results ignored="0" total="4" passed="4" failed="0" skipped="0">
  <reporter-output>
  </reporter-output>
  <suite started-at="2022-01-23T19:53:00 IST" name="Sample Demo Test SUite" finished-at="2022-01-23T19:56:50 IST" duration-ms="229923">
    <groups>
    </groups>
    <test started-at="2022-01-23T19:53:00 IST" name="Sample Demo TestCase" finished-at="2022-01-23T19:56:50 IST" duration-ms="229923">
      <class name="com.youtube.tests.YouTubeSearchTests">
        <test-method is-config="true" signature="setup()[pri:0, instance:com.youtube.tests.YouTubeSearchTests@46fa7c39]" started-at="2022-01-23T19:53:00 IST" name="setup" finished-at="2022-01-23T19:53:06 IST" duration-ms="6125" status="PASS">
          <reporter-output>
          </reporter-output>
        </test-method> <!-- setup -->
        <test-method signature="launchYouTube()[pri:1, instance:com.youtube.tests.YouTubeSearchTests@46fa7c39]" started-at="2022-01-23T19:53:06 IST" name="launchYouTube" finished-at="2022-01-23T19:53:13 IST" duration-ms="6646" status="PASS">
          <reporter-output>
          </reporter-output>
        </test-method> <!-- launchYouTube -->
        <test-method signature="verifyYouTubeLogo()[pri:2, instance:com.youtube.tests.YouTubeSearchTests@46fa7c39]" started-at="2022-01-23T19:53:13 IST" name="verifyYouTubeLogo" finished-at="2022-01-23T19:53:13 IST" duration-ms="639" status="PASS">
          <reporter-output>
          </reporter-output>
        </test-method> <!-- verifyYouTubeLogo -->
        <test-method signature="verifyYouTubeAppsList()[pri:3, instance:com.youtube.tests.YouTubeSearchTests@46fa7c39]" started-at="2022-01-23T19:53:13 IST" name="verifyYouTubeAppsList" finished-at="2022-01-23T19:53:18 IST" duration-ms="5015" status="PASS">
          <reporter-output>
          </reporter-output>
        </test-method> <!-- verifyYouTubeAppsList -->
        <test-method signature="searchTextAndVerifyInfiniteScrolling()[pri:4, instance:com.youtube.tests.YouTubeSearchTests@46fa7c39]" started-at="2022-01-23T19:53:18 IST" name="searchTextAndVerifyInfiniteScrolling" finished-at="2022-01-23T19:56:48 IST" duration-ms="210017" status="PASS">
          <reporter-output>
          </reporter-output>
        </test-method> <!-- searchTextAndVerifyInfiniteScrolling -->
        <test-method is-config="true" signature="teardown()[pri:0, instance:com.youtube.tests.YouTubeSearchTests@46fa7c39]" started-at="2022-01-23T19:56:48 IST" name="teardown" finished-at="2022-01-23T19:56:50 IST" duration-ms="1316" status="PASS">
          <reporter-output>
          </reporter-output>
        </test-method> <!-- teardown -->
      </class> <!-- com.youtube.tests.YouTubeSearchTests -->
    </test> <!-- Sample Demo TestCase -->
  </suite> <!-- Sample Demo Test SUite -->
</testng-results>
