<?xml version="1.0" encoding="UTF-8"?>
<!-- Generated by org.testng.reporters.JUnitXMLReporter -->
<testsuite ignored="0" hostname="DESKTOP-IRILRU3" failures="1" tests="4" name="Sample Demo TestCase" time="233.071" errors="0" timestamp="2022-01-24T00:03:56 IST">
  <testcase classname="com.youtube.tests.YouTubeSearchTests" name="launchYouTube" time="5.054"/>
  <testcase classname="com.youtube.tests.YouTubeSearchTests" name="verifyYouTubeLogo" time="0.467"/>
  <testcase classname="com.youtube.tests.YouTubeSearchTests" name="verifyYouTubeAppsList" time="5.425"/>
  <testcase classname="com.youtube.tests.YouTubeSearchTests" name="searchTextAndVerifyInfiniteScrolling" time="213.807">
    <failure type="java.lang.AssertionError" message="Infinite Scrolling is not working. Initial Loaded videos count is same as Final Loaded videos count. Count=658">
      <![CDATA[java.lang.AssertionError: Infinite Scrolling is not working. Initial Loaded videos count is same as Final Loaded videos count. Count=658
at com.youtube.tests.YouTubeSearchTests.searchTextAndVerifyInfiniteScrolling(YouTubeSearchTests.java:75)
at java.base/java.util.ArrayList.forEach(ArrayList.java:1541)
... Removed 31 stack frames]]>
    </failure>
  </testcase> <!-- searchTextAndVerifyInfiniteScrolling -->
</testsuite> <!-- Sample Demo TestCase -->
