<?xml version="1.0" encoding="UTF-8"?>
<!-- Generated by org.testng.reporters.JUnitXMLReporter -->
<testsuite ignored="0" hostname="DESKTOP-IRILRU3" failures="0" tests="4" name="Sample Demo TestCase" time="229.923" errors="0" timestamp="2022-01-23T19:56:50 IST">
  <testcase classname="com.youtube.tests.YouTubeSearchTests" name="launchYouTube" time="6.646"/>
  <testcase classname="com.youtube.tests.YouTubeSearchTests" name="verifyYouTubeLogo" time="0.639"/>
  <testcase classname="com.youtube.tests.YouTubeSearchTests" name="verifyYouTubeAppsList" time="5.015"/>
  <testcase classname="com.youtube.tests.YouTubeSearchTests" name="searchTextAndVerifyInfiniteScrolling" time="210.017"/>
</testsuite> <!-- Sample Demo TestCase -->
