<?xml version="1.0" encoding="UTF-8"?>
<testng-results ignored="0" total="4" passed="4" failed="0" skipped="0">
  <reporter-output>
  </reporter-output>
  <suite started-at="2022-01-24T00:05:49 IST" name="Default suite" finished-at="2022-01-24T00:09:38 IST" duration-ms="228224">
    <groups>
    </groups>
    <test started-at="2022-01-24T00:05:49 IST" name="Default test" finished-at="2022-01-24T00:09:38 IST" duration-ms="228224">
      <class name="com.youtube.tests.YouTubeSearchTests">
        <test-method is-config="true" signature="setup()[pri:0, instance:com.youtube.tests.YouTubeSearchTests@29215f06]" started-at="2022-01-24T00:05:49 IST" name="setup" finished-at="2022-01-24T00:05:55 IST" duration-ms="5926" status="PASS">
          <reporter-output>
          </reporter-output>
        </test-method> <!-- setup -->
        <test-method signature="launchYouTube()[pri:1, instance:com.youtube.tests.YouTubeSearchTests@29215f06]" started-at="2022-01-24T00:05:55 IST" name="launchYouTube" finished-at="2022-01-24T00:06:02 IST" duration-ms="6417" status="PASS">
          <reporter-output>
          </reporter-output>
        </test-method> <!-- launchYouTube -->
        <test-method signature="verifyYouTubeLogo()[pri:2, instance:com.youtube.tests.YouTubeSearchTests@29215f06]" started-at="2022-01-24T00:06:02 IST" name="verifyYouTubeLogo" finished-at="2022-01-24T00:06:02 IST" duration-ms="400" status="PASS">
          <reporter-output>
          </reporter-output>
        </test-method> <!-- verifyYouTubeLogo -->
        <test-method signature="verifyYouTubeAppsList()[pri:3, instance:com.youtube.tests.YouTubeSearchTests@29215f06]" started-at="2022-01-24T00:06:02 IST" name="verifyYouTubeAppsList" finished-at="2022-01-24T00:06:07 IST" duration-ms="5285" status="PASS">
          <reporter-output>
          </reporter-output>
        </test-method> <!-- verifyYouTubeAppsList -->
        <test-method signature="searchTextAndVerifyInfiniteScrolling()[pri:4, instance:com.youtube.tests.YouTubeSearchTests@29215f06]" started-at="2022-01-24T00:06:07 IST" name="searchTextAndVerifyInfiniteScrolling" finished-at="2022-01-24T00:09:36 IST" duration-ms="208708" status="PASS">
          <reporter-output>
          </reporter-output>
        </test-method> <!-- searchTextAndVerifyInfiniteScrolling -->
        <test-method is-config="true" signature="teardown()[pri:0, instance:com.youtube.tests.YouTubeSearchTests@29215f06]" started-at="2022-01-24T00:09:36 IST" name="teardown" finished-at="2022-01-24T00:09:38 IST" duration-ms="1371" status="PASS">
          <reporter-output>
          </reporter-output>
        </test-method> <!-- teardown -->
      </class> <!-- com.youtube.tests.YouTubeSearchTests -->
    </test> <!-- Default test -->
  </suite> <!-- Default suite -->
</testng-results>
